I210204 17:55:04.683713 1 util/log/sync_buffer.go:196 ⋮ [config] file created at: 2021/02/04 17:55:04
I210204 17:55:04.683726 1 util/log/sync_buffer.go:196 ⋮ [config] running on machine: ‹MM271521-PC›
I210204 17:55:04.683732 1 util/log/sync_buffer.go:196 ⋮ [config] binary: CockroachDB CCL v20.2.4 (x86_64-unknown-linux-gnu, built 2021/01/21 00:08:24, go1.13.14)
I210204 17:55:04.683736 1 util/log/sync_buffer.go:196 ⋮ [config] arguments: ‹[cockroach start --insecure --listen-addr=localhost --join=localhost:26257,locahost:26258,localhost:26259]›
I210204 17:55:04.683745 1 util/log/sync_buffer.go:196 ⋮ [config] line format: [IWEF]yymmdd hh:mm:ss.uuuuuu goid file:line msg utf8=✓
W210204 17:55:04.683055 1 cli/start.go:1137 ⋮ ALL SECURITY CONTROLS HAVE BEEN DISABLED!

This mode is intended for non-production testing only.

In this mode:
- Your cluster is open to any client that can access ‹localhost›.
- Intruders with access to your machine or network can observe client-server traffic.
- Intruders can log in without password and read or write any data in the cluster.
- Intruders can consume all your server's resources and cause unavailability.
I210204 17:55:04.685394 1 cli/start.go:1147 ⋮ To start a secure server without mandating TLS for clients,
consider --accept-sql-without-tls instead. For other options, see:

- ‹https://go.crdb.dev/issue-v/53404/v20.2›
- https://www.cockroachlabs.com/docs/v20.2/secure-a-cluster.html
I210204 17:55:04.685576 1 server/status/recorder.go:605 ⋮ ‹available memory from cgroups (0 B) is unsupported, using system memory 32 GiB instead: no cgroup memory controller detected›
W210204 17:55:04.685594 1 cli/start.go:981 ⋮ ‹Using the default setting for --cache (128 MiB).›
‹  A significantly larger value is usually needed for good performance.›
‹  If you have a dedicated server a reasonable setting is --cache=.25 (7.9 GiB).›
I210204 17:55:04.685663 1 server/status/recorder.go:605 ⋮ ‹available memory from cgroups (0 B) is unsupported, using system memory 32 GiB instead: no cgroup memory controller detected›
I210204 17:55:04.685670 1 cli/start.go:1162 ⋮ ‹CockroachDB CCL v20.2.4 (x86_64-unknown-linux-gnu, built 2021/01/21 00:08:24, go1.13.14)›
I210204 17:55:04.687381 1 server/status/recorder.go:605 ⋮ ‹available memory from cgroups (0 B) is unsupported, using system memory 32 GiB instead: no cgroup memory controller detected›
I210204 17:55:04.687390 1 server/config.go:428 ⋮ system total memory: ‹32 GiB›
I210204 17:55:04.687400 1 server/config.go:430 ⋮ server configuration:
‹max offset             500000000›
‹cache size             128 MiB›
‹SQL memory pool size   7.9 GiB›
‹scan interval          10m0s›
‹scan min idle time     10ms›
‹scan max idle time     1s›
‹event log enabled      true›
I210204 17:55:04.687439 1 cli/start.go:966 ⋮ process identity: ‹uid 1000 euid 1000 gid 1000 egid 1000›
I210204 17:55:04.690901 1 cli/start.go:505 ⋮ GEOS loaded from directory ‹/usr/local/lib/cockroach›
I210204 17:55:04.690917 1 cli/start.go:510 ⋮ starting cockroach node
E210204 17:55:04.691711 59 server/status/runtime.go:328 ⋮ [n?] could not get initial disk IO counters: open ‹/proc/diskstats›: no such file or directory
I210204 17:55:04.708466 59 server/server.go:790 ⋮ [n?] monitoring forward clock jumps based on server.clock.forward_jump_check_enabled
I210204 17:55:04.953264 59 server/config.go:619 ⋮ [n?] 1 storage engine‹› initialized
I210204 17:55:04.953285 59 server/config.go:622 ⋮ [n?] ‹Pebble cache size: 128 MiB›
I210204 17:55:04.953292 59 server/config.go:622 ⋮ [n?] ‹store 0: RocksDB, max size 0 B, max open file limit 10000›
I210204 17:55:04.958428 140 server/server.go:1424 ⋮ [n?] connecting to gossip network to verify cluster ID ‹"3aa307d8-55bd-4735-8399-6d805969bce5"›
W210204 17:55:04.959628 59 gossip/gossip.go:1494 ⋮ [n?] no incoming or outgoing connections
I210204 17:55:04.959665 59 gossip/gossip.go:403 ⋮ [n1] NodeDescriptor set to ‹node_id:1 address:<network_field:"tcp" address_field:"localhost:26257" > attrs:<> locality:<> ServerVersion:<major_val:20 minor_val:2 patch:0 unstable:0 > build_tag:"v20.2.4" started_at:1612461304959658500 cluster_name:"" sql_address:<network_field:"tcp" address_field:"localhost:26257" >›
W210204 17:55:06.353469 142 gossip/gossip.go:1277 ⋮ [n1] invalid bootstrap address: ‹&{typ:tcp addr:locahost:26258}›, ‹lookup locahost on 10.20.200.53:53: no such host›
W210204 17:55:06.354212 167 vendor/google.golang.org/grpc/internal/channelz/logging.go:73 ⋮ ‹grpc: addrConn.createTransport failed to connect to {localhost:26259  <nil> 0 <nil>}. Err: connection error: desc = "transport: Error while dialing dial tcp 127.0.0.1:26259: connect: connection refused". Reconnecting...›
I210204 17:55:06.354267 182 vendor/github.com/cockroachdb/circuitbreaker/circuitbreaker.go:322 ⋮ [n1] circuitbreaker: ‹gossip 127.0.0.1:26257->localhost:26259› tripped: ‹initial connection heartbeat failed›: ‹rpc error: code = Unavailable desc = connection error: desc = "transport: Error while dialing dial tcp 127.0.0.1:26259: connect: connection refused"›
I210204 17:55:06.354322 182 vendor/github.com/cockroachdb/circuitbreaker/circuitbreaker.go:447 ⋮ [n1] circuitbreaker: ‹gossip 127.0.0.1:26257->localhost:26259› event: ‹BreakerTripped›
W210204 17:55:06.354333 182 gossip/client.go:118 ⋮ [n1] failed to start gossip client to ‹localhost:26259›: ‹initial connection heartbeat failed›: ‹rpc error: code = Unavailable desc = connection error: desc = "transport: Error while dialing dial tcp 127.0.0.1:26259: connect: connection refused"›
W210204 17:55:06.359153 289 kv/kvserver/replica_range_lease.go:556 ⋮ [n1,s1,r6/1:‹/Table/{SystemCon…-11}›] can't determine lease status of (n1,s1):1 due to node liveness error: node not in the liveness table
(1) attached stack trace
  -- stack trace:
  | github.com/cockroachdb/cockroach/pkg/kv/kvserver.init
  | 	/go/src/github.com/cockroachdb/cockroach/pkg/kv/kvserver/node_liveness.go:45
  | runtime.doInit
  | 	/usr/local/go/src/runtime/proc.go:5228
  | runtime.doInit
  | 	/usr/local/go/src/runtime/proc.go:5223
  | runtime.doInit
  | 	/usr/local/go/src/runtime/proc.go:5223
  | runtime.doInit
  | 	/usr/local/go/src/runtime/proc.go:5223
  | runtime.doInit
  | 	/usr/local/go/src/runtime/proc.go:5223
  | runtime.main
  | 	/usr/local/go/src/runtime/proc.go:190
  | runtime.goexit
  | 	/usr/local/go/src/runtime/asm_amd64.s:1357
Wraps: (2) node not in the liveness table
Error types: (1) *withstack.withStack (2) *errutil.leafError
W210204 17:55:06.359323 289 kv/kvserver/store.go:1704 ⋮ [n1,s1,r6/1:‹/Table/{SystemCon…-11}›] could not gossip system config: ‹[NotLeaseHolderError] r6: replica (n1,s1):1 not lease holder; lease holder unknown›
(1) ‹[NotLeaseHolderError] r6: replica (n1,s1):1 not lease holder; lease holder unknown›
Error types: (1) *roachpb.NotLeaseHolderError
I210204 17:55:06.359914 140 server/server.go:1427 ⋮ [n1] node connected via gossip
I210204 17:55:06.361806 59 server/node.go:430 ⋮ [n1] initialized store [n1,s1]: disk (capacity=472 GiB, available=392 GiB, used=2.1 MiB, logicalBytes=6.0 MiB), ranges=36, leases=2, queries=0.00, writes=0.00, bytesPerReplica={p10=0.00 p25=0.00 p50=0.00 p75=2829.00 p90=18119.00 pMax=6176506.00}, writesPerReplica={p10=0.00 p25=0.00 p50=0.00 p75=0.00 p90=0.00 pMax=0.00}
I210204 17:55:06.361880 59 kv/kvserver/stores.go:236 ⋮ [n1] read 0 node addresses from persistent storage
I210204 17:55:06.362942 59 server/node.go:489 ⋮ [n1] started with engine type ‹2›
I210204 17:55:06.362960 59 server/node.go:491 ⋮ [n1] started with attributes ‹[]›
I210204 17:55:06.363027 59 server/goroutinedumper/goroutinedumper.go:120 ⋮ [n1] writing goroutine dumps to ‹/home/bboyle/github/goLangLearning/cockroachDB/cockroach-data/logs/goroutine_dump›
I210204 17:55:06.363050 59 server/heapprofiler/heapprofiler.go:49 ⋮ [n1] writing go heap profiles to ‹/home/bboyle/github/goLangLearning/cockroachDB/cockroach-data/logs/heap_profiler› at least every 1h0m0s
I210204 17:55:06.363065 59 server/heapprofiler/cgoprofiler.go:53 ⋮ [n1] to enable jmalloc profiling: "export MALLOC_CONF=prof:true" or "ln -s prof:true /etc/malloc.conf"
I210204 17:55:06.363073 59 server/heapprofiler/statsprofiler.go:54 ⋮ [n1] writing memory stats to ‹/home/bboyle/github/goLangLearning/cockroachDB/cockroach-data/logs/heap_profiler› at last every 1h0m0s
I210204 17:55:06.363083 59 server/server.go:1544 ⋮ [n1] starting http server at ‹127.0.0.1:8080› (use: ‹localhost:8080›)
I210204 17:55:06.363100 59 server/server.go:1551 ⋮ [n1] starting grpc/postgres server at ‹127.0.0.1:26257›
I210204 17:55:06.363111 59 server/server.go:1552 ⋮ [n1] advertising CockroachDB node at ‹localhost:26257›
I210204 17:55:06.374399 59 sql/sqlliveness/slinstance/slinstance.go:252 ⋮ [n1] starting SQL liveness instance
I210204 17:55:06.374525 378 sql/temporary_schema.go:510 ⋮ [n1] running temporary object cleanup background job
I210204 17:55:06.374697 59 server/server_sql.go:792 ⋮ [n1] done ensuring all necessary migrations have run
I210204 17:55:06.374715 59 server/server.go:1884 ⋮ [n1] serving sql connections
I210204 17:55:06.374819 59 cli/start.go:671 ⋮ [config] clusterID: ‹3aa307d8-55bd-4735-8399-6d805969bce5›
I210204 17:55:06.374844 59 cli/start.go:681 ⋮ node startup completed:
CockroachDB node starting at 2021-02-04 17:55:06.3747626 +0000 UTC (took 1.7s)
build:               CCL v20.2.4 @ 2021/01/21 00:08:24 (go1.13.14)
webui:               ‹http://localhost:8080›
sql:                 ‹postgresql://root@localhost:26257?sslmode=disable›
RPC client flags:    ‹cockroach <client cmd> --host=localhost:26257 --insecure›
logs:                ‹/home/bboyle/github/goLangLearning/cockroachDB/cockroach-data/logs›
temp dir:            ‹/home/bboyle/github/goLangLearning/cockroachDB/cockroach-data/cockroach-temp489289058›
external I/O path:   ‹/home/bboyle/github/goLangLearning/cockroachDB/cockroach-data/extern›
store[0]:            ‹path=/home/bboyle/github/goLangLearning/cockroachDB/cockroach-data›
storage engine:      pebble
status:              restarted pre-existing node
clusterID:           ‹3aa307d8-55bd-4735-8399-6d805969bce5›
nodeID:              1
I210204 17:55:06.375231 408 jobs/job_scheduler.go:346 ⋮ [n1] waiting 4m0s before scheduled jobs daemon start
I210204 17:55:06.381969 378 sql/temporary_schema.go:545 ⋮ [n1] found 0 temporary schemas
I210204 17:55:06.381993 378 sql/temporary_schema.go:548 ⋮ [n1] early exiting temporary schema cleaner as no temporary schemas were found
I210204 17:55:06.382002 378 sql/temporary_schema.go:549 ⋮ [n1] completed temporary object cleanup job
I210204 17:55:06.382013 378 sql/temporary_schema.go:627 ⋮ [n1] temporary object cleaner next scheduled to run at 2021-02-04 18:25:06.3744673 +0000 UTC
I210204 17:55:06.383289 409 server/server_update.go:55 ⋮ [n1] no need to upgrade, cluster already at the newest version
I210204 17:55:06.386555 376 sql/sqlliveness/slstorage/slstorage.go:342 ⋮ [n1] inserted sqlliveness session ‹d24f42c4eb934ecc9269efcf3bb55703›
I210204 17:55:06.386579 376 sql/sqlliveness/slinstance/slinstance.go:143 ⋮ [n1] created new SQL liveness session ‹d24f42c4eb934ecc9269efcf3bb55703›
I210204 17:55:06.389857 374 sql/event_log.go:162 ⋮ [n1] Event: ‹"node_restart"›, target: 1, info: ‹{Descriptor:{NodeID:1 Address:localhost:26257 Attrs: Locality: ServerVersion:20.2 BuildTag:v20.2.4 StartedAt:1612461304959658500 LocalityAddress:[] ClusterName: SQLAddress:localhost:26257} ClusterID:3aa307d8-55bd-4735-8399-6d805969bce5 StartedAt:1612461304959658500 LastUp:1612460965063560400}›
I210204 17:55:06.816222 143 gossip/gossip.go:1508 ⋮ [n1] node has connected to cluster via gossip
I210204 17:55:06.816838 143 kv/kvserver/stores.go:255 ⋮ [n1] wrote 0 node addresses to persistent storage
W210204 17:55:07.354285 167 vendor/google.golang.org/grpc/internal/channelz/logging.go:73 ⋮ ‹grpc: addrConn.createTransport failed to connect to {localhost:26259  <nil> 0 <nil>}. Err: connection error: desc = "transport: Error while dialing cannot reuse client connection". Reconnecting...›
W210204 17:55:16.362995 301 server/status/runtime.go:459 ⋮ [n1] problem fetching disk stats: open ‹/proc/diskstats›: no such file or directory; disk stats will be empty.
I210204 17:55:16.363170 301 server/status/runtime.go:522 ⋮ [n1] runtime stats: 94 MiB RSS, 248 goroutines, 24 MiB/32 MiB/42 MiB GO alloc/idle/total, 71 MiB/80 MiB CGO alloc/total, 0.0 CGO/sec, 0.0/0.0 %(u/s)time, 0.0 %gc (19x), 0 B/0 B (r/w)net
W210204 17:55:26.362195 301 server/status/runtime.go:459 ⋮ [n1] problem fetching disk stats: open ‹/proc/diskstats›: no such file or directory; disk stats will be empty.
I210204 17:55:26.362388 301 server/status/runtime.go:522 ⋮ [n1] runtime stats: 170 MiB RSS, 261 goroutines, 78 MiB/43 MiB/109 MiB GO alloc/idle/total, 71 MiB/80 MiB CGO alloc/total, 12.9 CGO/sec, 3.1/0.8 %(u/s)time, 0.0 %gc (5x), 0 B/0 B (r/w)net
I210204 17:55:26.364191 296 kv/kvserver/store.go:2638 ⋮ [n1,s1] sstables (read amplification = 1):
‹6 [ 875K 1 ]: 875K›
I210204 17:55:26.364264 296 kv/kvserver/store.go:2639 ⋮ [n1,s1] ‹›
‹__level_____count____size___score______in__ingest(sz_cnt)____move(sz_cnt)___write(sz_cnt)____read___r-amp___w-amp›
‹    WAL         2   543 K       -   540 K       -       -       -       -   543 K       -       -       -     1.0›
‹      0         0     0 B    0.00     0 B     0 B       0     0 B       0     0 B       0     0 B       0     0.0›
‹      1         0     0 B    0.00     0 B     0 B       0     0 B       0     0 B       0     0 B       0     0.0›
‹      2         0     0 B    0.00     0 B     0 B       0     0 B       0     0 B       0     0 B       0     0.0›
‹      3         0     0 B    0.00     0 B     0 B       0     0 B       0     0 B       0     0 B       0     0.0›
‹      4         0     0 B    0.00     0 B     0 B       0     0 B       0     0 B       0     0 B       0     0.0›
‹      5         0     0 B    0.00     0 B     0 B       0     0 B       0     0 B       0     0 B       0     0.0›
‹      6         1   876 K       -   275 K     0 B       0     0 B       0   876 K       1  1019 K       1     3.2›
‹  total         1   876 K       -   543 K     0 B       0     0 B       0   1.4 M       1  1019 K       1     2.6›
‹  flush         0›
‹compact         1     0 B          (size == estimated-debt)›
‹ memtbl         2    64 M›
‹zmemtbl         0     0 B›
‹   ztbl         0     0 B›
‹ bcache        17   566 K   89.9%  (score == hit-rate)›
‹ tcache         1   616 B   99.7%  (score == hit-rate)›
‹ titers         0›
‹ filter         -       -  100.0%  (score == utility)›
I210204 17:55:28.898771 375 sql/sqlliveness/slstorage/slstorage.go:320 ⋮ [n1] deleted 1 expired SQL liveness sessions
W210204 17:55:36.360071 301 server/status/runtime.go:459 ⋮ [n1] problem fetching disk stats: open ‹/proc/diskstats›: no such file or directory; disk stats will be empty.
I210204 17:55:36.360237 301 server/status/runtime.go:522 ⋮ [n1] runtime stats: 136 MiB RSS, 261 goroutines, 30 MiB/88 MiB/74 MiB GO alloc/idle/total, 71 MiB/80 MiB CGO alloc/total, 0.1 CGO/sec, 0.8/3.7 %(u/s)time, 0.0 %gc (1x), 0 B/0 B (r/w)net
W210204 17:55:46.360077 301 server/status/runtime.go:459 ⋮ [n1] problem fetching disk stats: open ‹/proc/diskstats›: no such file or directory; disk stats will be empty.
I210204 17:55:46.360254 301 server/status/runtime.go:522 ⋮ [n1] runtime stats: 128 MiB RSS, 262 goroutines, 41 MiB/78 MiB/66 MiB GO alloc/idle/total, 71 MiB/80 MiB CGO alloc/total, 0.1 CGO/sec, 0.4/0.8 %(u/s)time, 0.0 %gc (0x), 0 B/0 B (r/w)net
W210204 17:55:56.357921 301 server/status/runtime.go:459 ⋮ [n1] problem fetching disk stats: open ‹/proc/diskstats›: no such file or directory; disk stats will be empty.
I210204 17:55:56.358087 301 server/status/runtime.go:522 ⋮ [n1] runtime stats: 129 MiB RSS, 262 goroutines, 30 MiB/88 MiB/66 MiB GO alloc/idle/total, 71 MiB/80 MiB CGO alloc/total, 0.1 CGO/sec, 0.2/0.0 %(u/s)time, 0.0 %gc (1x), 0 B/0 B (r/w)net
I210204 17:56:06.354057 297 gossip/gossip.go:568 ⋮ [n1] gossip status (ok, 1 node‹›)
gossip client (0/3 cur/max conns)
gossip server (0/3 cur/max conns, infos 0/0 sent/received, bytes 0B/0B sent/received)
gossip connectivity
  n1 [sentinel];
W210204 17:56:06.357221 301 server/status/runtime.go:459 ⋮ [n1] problem fetching disk stats: open ‹/proc/diskstats›: no such file or directory; disk stats will be empty.
I210204 17:56:06.357464 301 server/status/runtime.go:522 ⋮ [n1] runtime stats: 129 MiB RSS, 264 goroutines, 40 MiB/79 MiB/66 MiB GO alloc/idle/total, 71 MiB/80 MiB CGO alloc/total, 0.1 CGO/sec, 0.2/0.5 %(u/s)time, 0.0 %gc (0x), 0 B/0 B (r/w)net
W210204 17:56:16.356291 301 server/status/runtime.go:459 ⋮ [n1] problem fetching disk stats: open ‹/proc/diskstats›: no such file or directory; disk stats will be empty.
I210204 17:56:16.356440 301 server/status/runtime.go:522 ⋮ [n1] runtime stats: 130 MiB RSS, 261 goroutines, 28 MiB/89 MiB/66 MiB GO alloc/idle/total, 71 MiB/80 MiB CGO alloc/total, 0.1 CGO/sec, 0.3/0.3 %(u/s)time, 0.0 %gc (1x), 0 B/0 B (r/w)net
W210204 17:56:26.354263 301 server/status/runtime.go:459 ⋮ [n1] problem fetching disk stats: open ‹/proc/diskstats›: no such file or directory; disk stats will be empty.
I210204 17:56:26.354388 301 server/status/runtime.go:522 ⋮ [n1] runtime stats: 130 MiB RSS, 258 goroutines, 39 MiB/79 MiB/66 MiB GO alloc/idle/total, 71 MiB/80 MiB CGO alloc/total, 0.1 CGO/sec, 0.1/0.1 %(u/s)time, 0.0 %gc (0x), 0 B/0 B (r/w)net
W210204 17:56:36.352705 301 server/status/runtime.go:459 ⋮ [n1] problem fetching disk stats: open ‹/proc/diskstats›: no such file or directory; disk stats will be empty.
I210204 17:56:36.352833 301 server/status/runtime.go:522 ⋮ [n1] runtime stats: 130 MiB RSS, 258 goroutines, 27 MiB/90 MiB/66 MiB GO alloc/idle/total, 71 MiB/80 MiB CGO alloc/total, 0.1 CGO/sec, 0.2/0.5 %(u/s)time, 0.0 %gc (1x), 0 B/0 B (r/w)net
I210204 17:56:36.873763 24 util/log/log_flush.go:100 ⋮ hangup received, flushing logs
W210204 17:56:46.351494 301 server/status/runtime.go:459 ⋮ [n1] problem fetching disk stats: open ‹/proc/diskstats›: no such file or directory; disk stats will be empty.
I210204 17:56:46.351664 301 server/status/runtime.go:522 ⋮ [n1] runtime stats: 131 MiB RSS, 259 goroutines, 38 MiB/80 MiB/66 MiB GO alloc/idle/total, 71 MiB/80 MiB CGO alloc/total, 0.1 CGO/sec, 0.3/0.1 %(u/s)time, 0.0 %gc (0x), 0 B/0 B (r/w)net
W210204 17:56:56.349899 301 server/status/runtime.go:459 ⋮ [n1] problem fetching disk stats: open ‹/proc/diskstats›: no such file or directory; disk stats will be empty.
I210204 17:56:56.350045 301 server/status/runtime.go:522 ⋮ [n1] runtime stats: 132 MiB RSS, 259 goroutines, 46 MiB/74 MiB/67 MiB GO alloc/idle/total, 71 MiB/80 MiB CGO alloc/total, 0.1 CGO/sec, 0.0/0.0 %(u/s)time, 0.0 %gc (0x), 0 B/0 B (r/w)net
I210204 17:57:06.344215 297 gossip/gossip.go:568 ⋮ [n1] gossip status (ok, 1 node‹›)
gossip client (0/3 cur/max conns)
gossip server (0/3 cur/max conns, infos 0/0 sent/received, bytes 0B/0B sent/received)
W210204 17:57:06.348802 301 server/status/runtime.go:459 ⋮ [n1] problem fetching disk stats: open ‹/proc/diskstats›: no such file or directory; disk stats will be empty.
I210204 17:57:06.348982 301 server/status/runtime.go:522 ⋮ [n1] runtime stats: 132 MiB RSS, 259 goroutines, 33 MiB/85 MiB/67 MiB GO alloc/idle/total, 71 MiB/80 MiB CGO alloc/total, 0.1 CGO/sec, 0.2/0.4 %(u/s)time, 0.0 %gc (1x), 0 B/0 B (r/w)net
W210204 17:57:16.347855 301 server/status/runtime.go:459 ⋮ [n1] problem fetching disk stats: open ‹/proc/diskstats›: no such file or directory; disk stats will be empty.
I210204 17:57:16.348020 301 server/status/runtime.go:522 ⋮ [n1] runtime stats: 132 MiB RSS, 258 goroutines, 45 MiB/75 MiB/67 MiB GO alloc/idle/total, 71 MiB/80 MiB CGO alloc/total, 0.1 CGO/sec, 0.6/0.0 %(u/s)time, 0.0 %gc (0x), 0 B/0 B (r/w)net
W210204 17:57:26.347695 301 server/status/runtime.go:459 ⋮ [n1] problem fetching disk stats: open ‹/proc/diskstats›: no such file or directory; disk stats will be empty.
I210204 17:57:26.347900 301 server/status/runtime.go:522 ⋮ [n1] runtime stats: 133 MiB RSS, 258 goroutines, 30 MiB/87 MiB/67 MiB GO alloc/idle/total, 71 MiB/80 MiB CGO alloc/total, 0.1 CGO/sec, 0.4/0.1 %(u/s)time, 0.0 %gc (1x), 0 B/0 B (r/w)net
W210204 17:57:36.345530 301 server/status/runtime.go:459 ⋮ [n1] problem fetching disk stats: open ‹/proc/diskstats›: no such file or directory; disk stats will be empty.
I210204 17:57:36.345633 301 server/status/runtime.go:522 ⋮ [n1] runtime stats: 133 MiB RSS, 258 goroutines, 40 MiB/78 MiB/67 MiB GO alloc/idle/total, 71 MiB/80 MiB CGO alloc/total, 0.1 CGO/sec, 0.2/0.0 %(u/s)time, 0.0 %gc (0x), 0 B/0 B (r/w)net
W210204 17:57:46.345162 301 server/status/runtime.go:459 ⋮ [n1] problem fetching disk stats: open ‹/proc/diskstats›: no such file or directory; disk stats will be empty.
I210204 17:57:46.345283 301 server/status/runtime.go:522 ⋮ [n1] runtime stats: 133 MiB RSS, 259 goroutines, 28 MiB/88 MiB/67 MiB GO alloc/idle/total, 71 MiB/80 MiB CGO alloc/total, 0.1 CGO/sec, 0.5/0.2 %(u/s)time, 0.0 %gc (1x), 0 B/0 B (r/w)net
W210204 17:57:56.344321 301 server/status/runtime.go:459 ⋮ [n1] problem fetching disk stats: open ‹/proc/diskstats›: no such file or directory; disk stats will be empty.
I210204 17:57:56.344423 301 server/status/runtime.go:522 ⋮ [n1] runtime stats: 134 MiB RSS, 259 goroutines, 39 MiB/79 MiB/67 MiB GO alloc/idle/total, 71 MiB/80 MiB CGO alloc/total, 0.1 CGO/sec, 0.0/0.0 %(u/s)time, 0.0 %gc (0x), 0 B/0 B (r/w)net
I210204 17:58:06.341553 297 gossip/gossip.go:568 ⋮ [n1] gossip status (ok, 1 node‹›)
gossip client (0/3 cur/max conns)
gossip server (0/3 cur/max conns, infos 0/0 sent/received, bytes 0B/0B sent/received)
W210204 17:58:06.364108 301 server/status/runtime.go:459 ⋮ [n1] problem fetching disk stats: open ‹/proc/diskstats›: no such file or directory; disk stats will be empty.
I210204 17:58:06.364345 301 server/status/runtime.go:522 ⋮ [n1] runtime stats: 135 MiB RSS, 255 goroutines, 26 MiB/90 MiB/68 MiB GO alloc/idle/total, 71 MiB/80 MiB CGO alloc/total, 0.1 CGO/sec, 1.2/0.4 %(u/s)time, 0.0 %gc (1x), 0 B/0 B (r/w)net
W210204 17:58:16.376267 301 server/status/runtime.go:459 ⋮ [n1] problem fetching disk stats: open ‹/proc/diskstats›: no such file or directory; disk stats will be empty.
I210204 17:58:16.376482 301 server/status/runtime.go:522 ⋮ [n1] runtime stats: 135 MiB RSS, 255 goroutines, 41 MiB/78 MiB/68 MiB GO alloc/idle/total, 71 MiB/80 MiB CGO alloc/total, 0.1 CGO/sec, 0.6/0.7 %(u/s)time, 0.0 %gc (0x), 0 B/0 B (r/w)net
W210204 17:58:26.382950 301 server/status/runtime.go:459 ⋮ [n1] problem fetching disk stats: open ‹/proc/diskstats›: no such file or directory; disk stats will be empty.
I210204 17:58:26.383133 301 server/status/runtime.go:522 ⋮ [n1] runtime stats: 134 MiB RSS, 255 goroutines, 23 MiB/93 MiB/66 MiB GO alloc/idle/total, 71 MiB/80 MiB CGO alloc/total, 0.1 CGO/sec, 0.7/0.3 %(u/s)time, 0.0 %gc (1x), 0 B/0 B (r/w)net
