I210203 17:52:40.205715 56 util/log/sync_buffer.go:196 ⋮ [config] file created at: 2021/02/03 17:52:40
I210203 17:52:40.205725 56 util/log/sync_buffer.go:196 ⋮ [config] running on machine: ‹MM271521-PC›
I210203 17:52:40.205731 56 util/log/sync_buffer.go:196 ⋮ [config] binary: CockroachDB CCL v20.2.4 (x86_64-unknown-linux-gnu, built 2021/01/21 00:08:24, go1.13.14)
I210203 17:52:40.205736 56 util/log/sync_buffer.go:196 ⋮ [config] arguments: ‹[cockroach start --insecure --join=localhost:26257,localhost:26258,localhost:26259]›
I210203 17:52:40.205741 56 util/log/sync_buffer.go:196 ⋮ [config] line format: [IWEF]yymmdd hh:mm:ss.uuuuuu goid file:line msg utf8=✓
I210203 17:52:40.205123 56 vendor/github.com/cockroachdb/pebble/version_set.go:142 ⋮ [n?] [JOB 1] MANIFEST created 000001
I210203 17:52:40.208043 56 vendor/github.com/cockroachdb/pebble/open.go:295 ⋮ [n?] [JOB 1] WAL created 000002
I210203 17:52:40.211188 125 vendor/github.com/cockroachdb/pebble/table_stats.go:118 ⋮ [n?] [JOB 2] all initial table stats loaded
I210203 17:52:40.220876 56 vendor/github.com/cockroachdb/pebble/compaction.go:1561 ⋮ [n?] [JOB 1] flushing: sstable created 000018
I210203 17:52:40.225784 56 vendor/github.com/cockroachdb/pebble/compaction.go:1561 ⋮ [n?] [JOB 1] flushing: sstable created 000019
I210203 17:52:40.232436 56 vendor/github.com/cockroachdb/pebble/open.go:295 ⋮ [n?] [JOB 1] WAL created 000020
I210203 17:52:40.237287 56 vendor/github.com/cockroachdb/pebble/version_set.go:442 ⋮ [n?] [JOB 1] MANIFEST created 000021
I210203 17:52:40.239208 56 vendor/github.com/cockroachdb/pebble/compaction.go:2300 ⋮ [n?] [JOB 1] WAL deleted 000013
I210203 17:52:40.239807 56 vendor/github.com/cockroachdb/pebble/compaction.go:2300 ⋮ [n?] [JOB 1] WAL deleted 000017
I210203 17:52:40.240260 56 vendor/github.com/cockroachdb/pebble/compaction.go:2307 ⋮ [n?] [JOB 1] MANIFEST deleted 000014
I210203 17:52:40.241143 40 vendor/github.com/cockroachdb/pebble/compaction.go:1371 ⋮ [n?] [JOB 3] compacting L0 [000018 000019] (98 K) + L6 [000016] (91 K)
I210203 17:52:40.241428 39 vendor/github.com/cockroachdb/pebble/table_stats.go:118 ⋮ [n?] [JOB 2] all initial table stats loaded
I210203 17:52:40.242318 40 vendor/github.com/cockroachdb/pebble/compaction.go:1561 ⋮ [n?] [JOB 3] compacting: sstable created 000023
I210203 17:52:40.253753 40 vendor/github.com/cockroachdb/pebble/compaction.go:1410 ⋮ [n1] [JOB 3] compacted L0 [000018 000019] (98 K) + L6 [000016] (91 K) -> L6 [000023] (128 K), in 0.0s, output rate 11 M/s
I210203 17:52:40.256131 188 vendor/github.com/cockroachdb/pebble/compaction.go:2314 ⋮ [n1] [JOB 4] sstable deleted 000016
I210203 17:52:40.256618 188 vendor/github.com/cockroachdb/pebble/compaction.go:2314 ⋮ [n1] [JOB 4] sstable deleted 000018
I210203 17:52:40.256984 188 vendor/github.com/cockroachdb/pebble/compaction.go:2314 ⋮ [n1] [JOB 4] sstable deleted 000019
I210203 17:52:40.274351 262 vendor/github.com/cockroachdb/pebble/db.go:1366 ⋮ [n1] [JOB 5] WAL created 000024
I210203 17:55:00.282372 291 vendor/github.com/cockroachdb/pebble/db.go:1366 ⋮ [n1] [JOB 6] WAL created 000025
I210203 17:59:40.281872 268 vendor/github.com/cockroachdb/pebble/db.go:1366 ⋮ [n1] [JOB 7] WAL created 000026
I210203 18:09:10.277170 322 vendor/github.com/cockroachdb/pebble/db.go:1366 ⋮ [n1] [JOB 8] WAL created 000027
I210203 18:28:10.274768 286 vendor/github.com/cockroachdb/pebble/db.go:1366 ⋮ [n1] [JOB 9] WAL created 000028
I210203 18:28:10.275307 27009 vendor/github.com/cockroachdb/pebble/compaction.go:953 ⋮ [n1] [JOB 10] flushing 5 memtables to L0
I210203 18:28:10.275869 27009 vendor/github.com/cockroachdb/pebble/compaction.go:1561 ⋮ [n1] [JOB 10] flushing: sstable created 000029
I210203 18:28:10.427901 27009 vendor/github.com/cockroachdb/pebble/compaction.go:1008 ⋮ [n1] [JOB 10] flushed 5 memtables to L0 [000029] (382 K), in 0.2s, output rate 2.5 M/s
I210203 18:28:10.432530 27205 vendor/github.com/cockroachdb/pebble/compaction.go:1371 ⋮ [n1] [JOB 12] compacting L0 [000029] (382 K) + L6 [000023] (128 K)
I210203 18:28:10.433542 27205 vendor/github.com/cockroachdb/pebble/compaction.go:1561 ⋮ [n1] [JOB 12] compacting: sstable created 000030
I210203 18:28:10.454456 27205 vendor/github.com/cockroachdb/pebble/compaction.go:1410 ⋮ [n1] [JOB 12] compacted L0 [000029] (382 K) + L6 [000023] (128 K) -> L6 [000030] (363 K), in 0.0s, output rate 17 M/s
I210203 18:28:10.455011 27205 vendor/github.com/cockroachdb/pebble/compaction.go:2314 ⋮ [n1] [JOB 12] sstable deleted 000023
I210203 18:28:10.455493 27205 vendor/github.com/cockroachdb/pebble/compaction.go:2314 ⋮ [n1] [JOB 12] sstable deleted 000029
