I210204 16:48:58.887996 58 util/log/sync_buffer.go:196 ⋮ [config] file created at: 2021/02/04 16:48:58
I210204 16:48:58.888005 58 util/log/sync_buffer.go:196 ⋮ [config] running on machine: ‹MM271521-PC›
I210204 16:48:58.888011 58 util/log/sync_buffer.go:196 ⋮ [config] binary: CockroachDB CCL v20.2.4 (x86_64-unknown-linux-gnu, built 2021/01/21 00:08:24, go1.13.14)
I210204 16:48:58.888015 58 util/log/sync_buffer.go:196 ⋮ [config] arguments: ‹[cockroach start --insecure --join=localhost:26257,locahost:26258,localhost:26259]›
I210204 16:48:58.888021 58 util/log/sync_buffer.go:196 ⋮ [config] line format: [IWEF]yymmdd hh:mm:ss.uuuuuu goid file:line msg utf8=✓
I210204 16:48:58.887436 58 vendor/github.com/cockroachdb/pebble/version_set.go:142 ⋮ [n?] [JOB 1] MANIFEST created 000001
I210204 16:48:58.890215 58 vendor/github.com/cockroachdb/pebble/open.go:295 ⋮ [n?] [JOB 1] WAL created 000002
I210204 16:48:58.893054 146 vendor/github.com/cockroachdb/pebble/table_stats.go:118 ⋮ [n?] [JOB 2] all initial table stats loaded
I210204 16:48:58.899689 58 vendor/github.com/cockroachdb/pebble/compaction.go:1561 ⋮ [n?] [JOB 1] flushing: sstable created 000037
I210204 16:48:58.903878 58 vendor/github.com/cockroachdb/pebble/compaction.go:1561 ⋮ [n?] [JOB 1] flushing: sstable created 000038
I210204 16:48:58.909506 58 vendor/github.com/cockroachdb/pebble/open.go:295 ⋮ [n?] [JOB 1] WAL created 000039
I210204 16:48:58.914335 58 vendor/github.com/cockroachdb/pebble/version_set.go:442 ⋮ [n?] [JOB 1] MANIFEST created 000040
I210204 16:48:58.916200 58 vendor/github.com/cockroachdb/pebble/compaction.go:2300 ⋮ [n?] [JOB 1] WAL deleted 000032
I210204 16:48:58.916604 58 vendor/github.com/cockroachdb/pebble/compaction.go:2300 ⋮ [n?] [JOB 1] WAL deleted 000036
I210204 16:48:58.916987 58 vendor/github.com/cockroachdb/pebble/compaction.go:2307 ⋮ [n?] [JOB 1] MANIFEST deleted 000033
I210204 16:48:58.917879 196 vendor/github.com/cockroachdb/pebble/compaction.go:1371 ⋮ [n?] [JOB 3] compacting L0 [000037 000038] (83 K) + L6 [000035] (469 K)
I210204 16:48:58.918045 195 vendor/github.com/cockroachdb/pebble/table_stats.go:118 ⋮ [n?] [JOB 2] all initial table stats loaded
I210204 16:48:58.919501 196 vendor/github.com/cockroachdb/pebble/compaction.go:1561 ⋮ [n?] [JOB 3] compacting: sstable created 000042
I210204 16:48:58.948194 205 vendor/github.com/cockroachdb/pebble/db.go:1366 ⋮ [n1] [JOB 4] WAL created 000043
I210204 16:48:58.961865 196 vendor/github.com/cockroachdb/pebble/compaction.go:1410 ⋮ [n1] [JOB 3] compacted L0 [000037 000038] (83 K) + L6 [000035] (469 K) -> L6 [000042] (477 K), in 0.0s, output rate 11 M/s
I210204 16:48:58.962479 196 vendor/github.com/cockroachdb/pebble/compaction.go:2314 ⋮ [n1] [JOB 3] sstable deleted 000035
I210204 16:48:58.962929 196 vendor/github.com/cockroachdb/pebble/compaction.go:2314 ⋮ [n1] [JOB 3] sstable deleted 000037
I210204 16:48:58.963386 196 vendor/github.com/cockroachdb/pebble/compaction.go:2314 ⋮ [n1] [JOB 3] sstable deleted 000038
