I210204 21:16:14.100504 44 util/log/sync_buffer.go:196 ⋮ [config] file created at: 2021/02/04 21:16:14
I210204 21:16:14.100513 44 util/log/sync_buffer.go:196 ⋮ [config] running on machine: ‹MM271521-PC›
I210204 21:16:14.100519 44 util/log/sync_buffer.go:196 ⋮ [config] binary: CockroachDB CCL v20.2.4 (x86_64-unknown-linux-gnu, built 2021/01/21 00:08:24, go1.13.14)
I210204 21:16:14.100523 44 util/log/sync_buffer.go:196 ⋮ [config] arguments: ‹[cockroach start --insecure --listen-addr=localhost --join=localhost:26257,locahost:26258,localhost:26259]›
I210204 21:16:14.100529 44 util/log/sync_buffer.go:196 ⋮ [config] line format: [IWEF]yymmdd hh:mm:ss.uuuuuu goid file:line msg utf8=✓
I210204 21:16:14.099854 44 vendor/github.com/cockroachdb/pebble/version_set.go:142 ⋮ [n?] [JOB 1] MANIFEST created 000001
I210204 21:16:14.102671 44 vendor/github.com/cockroachdb/pebble/open.go:295 ⋮ [n?] [JOB 1] WAL created 000002
I210204 21:16:14.105294 102 vendor/github.com/cockroachdb/pebble/table_stats.go:118 ⋮ [n?] [JOB 2] all initial table stats loaded
I210204 21:16:14.130523 44 vendor/github.com/cockroachdb/pebble/compaction.go:1561 ⋮ [n?] [JOB 1] flushing: sstable created 000090
I210204 21:16:14.156590 44 vendor/github.com/cockroachdb/pebble/open.go:295 ⋮ [n?] [JOB 1] WAL created 000091
I210204 21:16:14.161055 44 vendor/github.com/cockroachdb/pebble/version_set.go:442 ⋮ [n?] [JOB 1] MANIFEST created 000092
I210204 21:16:14.167874 44 vendor/github.com/cockroachdb/pebble/compaction.go:2300 ⋮ [n?] [JOB 1] WAL deleted 000083
I210204 21:16:14.173064 44 vendor/github.com/cockroachdb/pebble/compaction.go:2300 ⋮ [n?] [JOB 1] WAL deleted 000084
I210204 21:16:14.174011 44 vendor/github.com/cockroachdb/pebble/compaction.go:2300 ⋮ [n?] [JOB 1] WAL deleted 000087
I210204 21:16:14.174455 44 vendor/github.com/cockroachdb/pebble/compaction.go:2307 ⋮ [n?] [JOB 1] MANIFEST deleted 000080
I210204 21:16:14.175258 171 vendor/github.com/cockroachdb/pebble/compaction.go:1371 ⋮ [n?] [JOB 3] compacting L0 [000090] (102 K) + L6 [000089] (2.0 M)
I210204 21:16:14.175818 170 vendor/github.com/cockroachdb/pebble/table_stats.go:118 ⋮ [n?] [JOB 2] all initial table stats loaded
I210204 21:16:14.176917 171 vendor/github.com/cockroachdb/pebble/compaction.go:1561 ⋮ [n?] [JOB 3] compacting: sstable created 000094
I210204 21:16:14.283595 171 vendor/github.com/cockroachdb/pebble/compaction.go:1410 ⋮ [n1] [JOB 3] compacted L0 [000090] (102 K) + L6 [000089] (2.0 M) -> L6 [000094] (2.0 M), in 0.1s, output rate 19 M/s
I210204 21:16:14.286657 233 vendor/github.com/cockroachdb/pebble/compaction.go:2314 ⋮ [n1] [JOB 4] sstable deleted 000089
I210204 21:16:14.287093 233 vendor/github.com/cockroachdb/pebble/compaction.go:2314 ⋮ [n1] [JOB 4] sstable deleted 000090
I210204 21:16:14.301753 265 vendor/github.com/cockroachdb/pebble/db.go:1366 ⋮ [n1] [JOB 5] WAL created 000095
